# JRE version: OpenJDK Runtime Environment Microsoft-8035246 (17.0.8+7) (build 17.0.8+7-LTS)
# Java VM: OpenJDK 64-Bit Server VM Microsoft-8035246 (17.0.8+7-LTS, mixed mode, tiered, compressed oops, compressed class ptrs, g1 gc, linux-amd64)
GC Precious Log:
 CPUs: 8 total, 8 available
 Memory: 19778M
 Large Page Support: Disabled
 NUMA Support: Disabled
 Compressed Oops: Enabled (Zero based)
 Heap Region Size: 32M
 Heap Min Capacity: 32M
 Heap Initial Capacity: 320M
 Heap Max Capacity: 8G
 Pre-touch: Disabled
 Parallel Workers: 8
 Concurrent Workers: 2
 Concurrent Refinement Workers: 8
 Periodic GC: Disabled
Heap:
 garbage-first heap   total 4063232K, used 3541241K [0x0000000600000000, 0x0000000800000000)
  region size 32768K, 23 young (753664K), 2 survivors (65536K)
 Metaspace       used 342734K, committed 346496K, reserved 1376256K
  class space    used 59080K, committed 60800K, reserved 1048576K
GC Heap History (20 events):
Event: 906.979 GC heap before
{Heap before GC invocations=309 (full 0):
 garbage-first heap   total 4063232K, used 3563840K [0x0000000600000000, 0x0000000800000000)
  region size 32768K, 24 young (786432K), 2 survivors (65536K)
 Metaspace       used 342276K, committed 346048K, reserved 1376256K
  class space    used 59044K, committed 60736K, reserved 1048576K
}
Event: 907.011 GC heap after
{Heap after GC invocations=310 (full 0):
 garbage-first heap   total 4063232K, used 2852350K [0x0000000600000000, 0x0000000800000000)
  region size 32768K, 2 young (65536K), 2 survivors (65536K)
 Metaspace       used 342276K, committed 346048K, reserved 1376256K
  class space    used 59044K, committed 60736K, reserved 1048576K
}
Event: 909.112 GC heap before
{Heap before GC invocations=310 (full 0):
 garbage-first heap   total 4063232K, used 3573246K [0x0000000600000000, 0x0000000800000000)
  region size 32768K, 24 young (786432K), 2 survivors (65536K)
 Metaspace       used 342280K, committed 346048K, reserved 1376256K
  class space    used 59044K, committed 60736K, reserved 1048576K
}
Event: 909.153 GC heap after
{Heap after GC invocations=311 (full 0):
 garbage-first heap   total 4063232K, used 2858541K [0x0000000600000000, 0x0000000800000000)
  region size 32768K, 2 young (65536K), 2 survivors (65536K)
 Metaspace       used 342280K, committed 346048K, reserved 1376256K
  class space    used 59044K, committed 60736K, reserved 1048576K
}
Event: 911.324 GC heap before
{Heap before GC invocations=311 (full 0):
 garbage-first heap   total 4063232K, used 3579437K [0x0000000600000000, 0x0000000800000000)
  region size 32768K, 24 young (786432K), 2 survivors (65536K)
 Metaspace       used 342288K, committed 346048K, reserved 1376256K
  class space    used 59046K, committed 60736K, reserved 1048576K
}
Event: 911.355 GC heap after
{Heap after GC invocations=312 (full 0):
 garbage-first heap   total 4063232K, used 2859870K [0x0000000600000000, 0x0000000800000000)
  region size 32768K, 2 young (65536K), 2 survivors (65536K)
 Metaspace       used 342288K, committed 346048K, reserved 1376256K
  class space    used 59046K, committed 60736K, reserved 1048576K
}
Event: 913.432 GC heap before
{Heap before GC invocations=312 (full 0):
 garbage-first heap   total 4063232K, used 3547998K [0x0000000600000000, 0x0000000800000000)
  region size 32768K, 24 young (786432K), 2 survivors (65536K)
 Metaspace       used 342293K, committed 346048K, reserved 1376256K
  class space    used 59046K, committed 60736K, reserved 1048576K
}
Event: 913.462 GC heap after
{Heap after GC invocations=313 (full 0):
 garbage-first heap   total 4063232K, used 2863706K [0x0000000600000000, 0x0000000800000000)
  region size 32768K, 2 young (65536K), 2 survivors (65536K)
 Metaspace       used 342293K, committed 346048K, reserved 1376256K
  class space    used 59046K, committed 60736K, reserved 1048576K
}
Event: 919.999 GC heap before
{Heap before GC invocations=313 (full 0):
 garbage-first heap   total 4063232K, used 3584602K [0x0000000600000000, 0x0000000800000000)
  region size 32768K, 24 young (786432K), 2 survivors (65536K)
 Metaspace       used 342409K, committed 346176K, reserved 1376256K
  class space    used 59061K, committed 60736K, reserved 1048576K
}
Event: 920.037 GC heap after
{Heap after GC invocations=314 (full 0):
 garbage-first heap   total 4063232K, used 2871416K [0x0000000600000000, 0x0000000800000000)
  region size 32768K, 2 young (65536K), 2 survivors (65536K)
 Metaspace       used 342409K, committed 346176K, reserved 1376256K
  class space    used 59061K, committed 60736K, reserved 1048576K
}
Event: 923.207 GC heap before
{Heap before GC invocations=314 (full 0):
 garbage-first heap   total 4063232K, used 3592312K [0x0000000600000000, 0x0000000800000000)
  region size 32768K, 24 young (786432K), 2 survivors (65536K)
 Metaspace       used 342589K, committed 346368K, reserved 1376256K
  class space    used 59077K, committed 60800K, reserved 1048576K
}
Event: 923.240 GC heap after
{Heap after GC invocations=315 (full 0):
 garbage-first heap   total 4063232K, used 2872052K [0x0000000600000000, 0x0000000800000000)
  region size 32768K, 2 young (65536K), 2 survivors (65536K)
 Metaspace       used 342589K, committed 346368K, reserved 1376256K
  class space    used 59077K, committed 60800K, reserved 1048576K
}
Event: 926.971 GC heap before
{Heap before GC invocations=315 (full 0):
 garbage-first heap   total 4063232K, used 3592948K [0x0000000600000000, 0x0000000800000000)
  region size 32768K, 24 young (786432K), 2 survivors (65536K)
 Metaspace       used 342649K, committed 346432K, reserved 1376256K
  class space    used 59079K, committed 60800K, reserved 1048576K
}
Event: 927.002 GC heap after
{Heap after GC invocations=316 (full 0):
 garbage-first heap   total 4063232K, used 2875029K [0x0000000600000000, 0x0000000800000000)
  region size 32768K, 2 young (65536K), 2 survivors (65536K)
 Metaspace       used 342649K, committed 346432K, reserved 1376256K
  class space    used 59079K, committed 60800K, reserved 1048576K
}
Event: 928.976 GC heap before
{Heap before GC invocations=316 (full 0):
 garbage-first heap   total 4063232K, used 3595925K [0x0000000600000000, 0x0000000800000000)
  region size 32768K, 24 young (786432K), 2 survivors (65536K)
 Metaspace       used 342664K, committed 346432K, reserved 1376256K
  class space    used 59079K, committed 60800K, reserved 1048576K
}
Event: 929.012 GC heap after
{Heap after GC invocations=317 (full 0):
 garbage-first heap   total 4063232K, used 2884204K [0x0000000600000000, 0x0000000800000000)
  region size 32768K, 2 young (65536K), 2 survivors (65536K)
 Metaspace       used 342664K, committed 346432K, reserved 1376256K
  class space    used 59079K, committed 60800K, reserved 1048576K
}
Event: 930.413 GC heap before
{Heap before GC invocations=317 (full 0):
 garbage-first heap   total 4063232K, used 3605100K [0x0000000600000000, 0x0000000800000000)
  region size 32768K, 24 young (786432K), 2 survivors (65536K)
 Metaspace       used 342682K, committed 346496K, reserved 1376256K
  class space    used 59080K, committed 60800K, reserved 1048576K
}
Event: 930.444 GC heap after
{Heap after GC invocations=318 (full 0):
 garbage-first heap   total 4063232K, used 2885470K [0x0000000600000000, 0x0000000800000000)
  region size 32768K, 2 young (65536K), 2 survivors (65536K)
 Metaspace       used 342682K, committed 346496K, reserved 1376256K
  class space    used 59080K, committed 60800K, reserved 1048576K
}
Event: 933.601 GC heap before
{Heap before GC invocations=318 (full 0):
 garbage-first heap   total 4063232K, used 3573598K [0x0000000600000000, 0x0000000800000000)
  region size 32768K, 24 young (786432K), 2 survivors (65536K)
 Metaspace       used 342725K, committed 346496K, reserved 1376256K
  class space    used 59080K, committed 60800K, reserved 1048576K
}
Event: 933.627 GC heap after
{Heap after GC invocations=319 (full 0):
 garbage-first heap   total 4063232K, used 2885881K [0x0000000600000000, 0x0000000800000000)
  region size 32768K, 2 young (65536K), 2 survivors (65536K)
 Metaspace       used 342725K, committed 346496K, reserved 1376256K
  class space    used 59080K, committed 60800K, reserved 1048576K
}

